2472	0	5.0	1375574400
4219	1	5.0	1315699200
3059	2	5.0	1401580800
2562	3	4.0	1404000000
3592	3	5.0	1383177600
1718	4	5.0	1288224000
3038	4	4.0	1291334400
1128	5	5.0	1388102400
1676	9	5.0	1385510400
777	20	5.0	1259798400
593	23	5.0	1300233600
1448	23	4.0	1298851200
4461	23	5.0	1300147200
4827	23	5.0	1300924800
520	29	5.0	1282780800
3754	29	5.0	1283212800
1607	30	5.0	1293753600
3433	31	5.0	1405123200
2551	33	5.0	1286496000
3084	34	5.0	1280188800
2225	36	4.0	1280620800
3433	37	5.0	1404604800
2355	38	5.0	1293580800
4832	39	5.0	1282176000
2038	40	5.0	1284163200
1918	40	5.0	1282176000
2423	40	5.0	1285200000
3494	41	5.0	1356134400
2862	44	5.0	1289001600
1124	44	5.0	1288828800
4538	44	5.0	1290038400
649	49	5.0	1259280000
4395	51	5.0	1269561600
453	51	5.0	1376956800
263	51	5.0	1391558400
4640	51	5.0	1360972800
2886	56	4.0	1197763200
1902	57	5.0	1401667200
4020	57	5.0	1381449600
970	57	5.0	1403481600
3646	61	4.0	1172448000
3414	66	4.0	1287619200
380	66	4.0	1286928000
3546	66	5.0	1287619200
3981	67	5.0	1373932800
593	69	5.0	1282176000
62	69	5.0	1280707200
2331	69	5.0	1378512000
888	70	4.0	1282176000
2720	74	2.0	1174521600
2980	75	1.0	1329868800
672	75	5.0	1399334400
2314	83	1.0	1404691200
2859	85	5.0	1396656000
4500	87	4.0	1383609600
4263	96	5.0	1402704000
2290	102	4.0	1266537600
3644	102	5.0	1322870400
2013	102	4.0	1261440000
1771	104	4.0	1383004800
203	109	5.0	1391385600
1206	111	5.0	1390867200
1475	115	4.0	1371254400
2330	119	5.0	1384905600
4	123	5.0	1398297600
3582	124	5.0	1400889600
1748	124	5.0	1400112000
3708	127	4.0	1377907200
511	128	5.0	1403740800
979	128	5.0	1400112000
2514	128	5.0	1399161600
1712	128	4.0	1403740800
3085	129	4.0	1355961600
2944	139	4.0	1403740800
3070	139	5.0	1388275200
4454	140	5.0	1390780800
4636	150	4.0	1252713600
3960	154	5.0	1350432000
3630	155	5.0	1361318400
3249	157	3.0	1318291200
3268	165	5.0	1386374400
4290	171	5.0	1347580800
1181	181	5.0	1323907200
3289	181	5.0	1330041600
1316	183	5.0	1382227200
4753	190	4.0	1388361600
914	197	5.0	1376697600
1556	198	4.0	1368748800
3270	203	5.0	1338768000
1130	203	5.0	1350000000
2259	208	5.0	1387497600
3366	212	5.0	1390867200
4341	213	5.0	1396310400
140	216	5.0	1392595200
3371	217	5.0	1403049600
4680	218	5.0	1230681600
4866	218	5.0	1404518400
3749	218	5.0	1401667200
2337	220	4.0	1402531200
4521	220	5.0	1399593600
4724	222	5.0	1363046400
2587	222	3.0	1381968000
1356	227	5.0	1401926400
1378	233	5.0	1283212800
1236	234	5.0	1319328000
3356	243	3.0	1397692800
4857	253	4.0	1395014400
2936	256	4.0	1292803200
2796	262	4.0	1398211200
1607	264	5.0	1289952000
864	265	3.0	1345075200
557	266	2.0	1387411200
1316	267	5.0	1367971200
532	270	5.0	1327795200
1785	272	5.0	1389484800
341	273	5.0	1351555200
2173	275	5.0	1366070400
82	279	5.0	1191456000
3883	280	5.0	1398038400
3621	280	5.0	1395878400
4233	280	5.0	1398556800
3123	297	5.0	1404864000
2447	297	3.0	1404000000
4063	297	5.0	1401321600
899	302	4.0	1390348800
2577	308	5.0	1122508800
4886	309	1.0	1330300800
2028	310	5.0	1298764800
1082	315	5.0	1071187200
1282	315	5.0	1119225600
3360	326	5.0	1393891200
1090	326	5.0	1394236800
2699	332	5.0	1109808000
3701	333	5.0	1251763200
4474	338	3.0	1100217600
280	341	4.0	1405036800
4796	345	5.0	1096243200
3906	350	4.0	1334793600
3711	350	2.0	1399939200
985	352	5.0	1363824000
991	358	5.0	1393804800
3950	360	4.0	1390953600
4467	368	5.0	1392595200
2175	375	3.0	1342137600
2268	383	3.0	1340150400
4855	383	4.0	1341619200
134	389	4.0	1399248000
1404	389	4.0	1397865600
2611	397	2.0	1293321600
500	398	5.0	1319932800
4621	398	4.0	1265414400
4024	405	5.0	1354665600
1373	405	5.0	1398124800
4146	411	4.0	1359244800
315	413	5.0	1399939200
4432	418	4.0	1277078400
1580	418	4.0	1293062400
1862	418	5.0	1350518400
875	418	5.0	1277942400
937	420	4.0	1389744000
2981	422	4.0	1397606400
2505	422	5.0	1395878400
3362	422	3.0	1338422400
1364	423	5.0	1383782400
3570	424	5.0	1311638400
2057	426	5.0	1336348800
1816	433	5.0	1394841600
4328	433	5.0	1390435200
3731	433	3.0	1399248000
2545	440	5.0	1378857600
1549	452	5.0	1137024000
3014	453	5.0	1289865600
389	453	3.0	1288569600
3461	453	5.0	1289952000
2343	453	5.0	1290038400
3179	453	5.0	1369180800
2723	458	5.0	1385078400
4895	464	4.0	1343520000
3785	466	5.0	1304726400
1862	467	4.0	1304294400
1234	469	5.0	1271894400
3259	470	4.0	1216857600
3245	470	4.0	1372204800
3395	470	5.0	1371427200
3850	470	4.0	1217721600
2175	472	5.0	1324425600
2595	477	5.0	1356912000
4523	481	5.0	1292198400
3648	483	5.0	1227916800
3345	493	4.0	1384992000
1462	496	5.0	1402358400
3259	497	3.0	1232150400
2314	498	5.0	1404691200
129	498	5.0	1404345600
3407	510	3.0	1309737600
242	516	3.0	1390780800
2320	516	4.0	1394841600
1973	519	5.0	1394323200
237	523	3.0	1161216000
4819	523	2.0	1154822400
4812	524	5.0	1402876800
4404	526	5.0	1233100800
4006	527	5.0	1390867200
4473	531	4.0	1221264000
2395	534	5.0	1245542400
2317	537	5.0	1392768000
2024	539	5.0	1278115200
1349	539	4.0	1277856000
3175	539	5.0	1329004800
4077	539	5.0	1277942400
2989	541	3.0	1214524800
933	541	5.0	1192752000
3415	554	5.0	1364169600
1741	560	3.0	1358467200
1741	563	5.0	1358380800
1647	568	5.0	1364947200
3802	570	5.0	1386288000
4368	575	4.0	1255305600
2738	575	4.0	1375574400
3523	580	5.0	1388448000
79	595	4.0	1356825600
1364	597	5.0	1368662400
3637	602	4.0	1282867200
4177	602	4.0	1282608000
3576	617	5.0	1359504000
2966	617	5.0	1365120000
1172	617	5.0	1361404800
2704	618	5.0	1327536000
324	619	5.0	1305676800
2310	619	5.0	1372896000
4847	620	5.0	1390348800
53	620	5.0	1355961600
1236	621	5.0	1319328000
4738	628	5.0	1344902400
762	628	3.0	1344211200
723	636	5.0	1299542400
4552	640	3.0	1384905600
21	640	4.0	1383177600
3454	647	5.0	1360281600
2391	654	5.0	1348876800
3085	655	5.0	1355961600
4465	668	4.0	1206662400
4215	671	4.0	1300320000
2165	674	5.0	1329609600
4159	674	5.0	1402444800
1349	679	3.0	1269302400
951	679	4.0	1271376000
736	683	4.0	1328140800
2786	689	5.0	1318118400
3758	690	4.0	1198022400
1791	701	3.0	1378425600
2816	705	2.0	1397001600
1374	705	5.0	1257033600
1043	713	4.0	1300147200
1096	713	4.0	1298678400
400	715	5.0	1292976000
2679	717	5.0	1327795200
22	717	5.0	1331596800
3889	718	5.0	1383004800
4375	718	5.0	1396483200
194	727	5.0	1373328000
518	727	3.0	1355356800
3444	731	4.0	1391126400
2175	731	5.0	1386374400
1298	731	5.0	1383091200
2872	737	5.0	1353888000
2623	741	5.0	1348185600
307	755	5.0	1312934400
4445	755	5.0	1314230400
139	755	4.0	1317254400
383	756	5.0	1396569600
1429	762	5.0	1376697600
4138	763	5.0	1394236800
4237	778	4.0	1395532800
4468	778	5.0	1399852800
3028	780	5.0	1377388800
1448	785	5.0	1229472000
1349	789	4.0	1253491200
2415	794	5.0	1302307200
3849	794	5.0	1362960000
4757	794	4.0	1305763200
500	795	5.0	1372464000
3299	795	5.0	1322352000
4360	796	4.0	1399248000
536	796	3.0	1398470400
3352	805	5.0	1262217600
1446	805	5.0	1263254400
4872	805	4.0	1261526400
2657	806	4.0	1222732800
4440	807	5.0	1318377600
4112	808	5.0	1326931200
831	812	5.0	1353110400
4760	814	5.0	1279584000
1992	816	4.0	1285372800
1254	816	5.0	1300924800
868	816	5.0	1299456000
4328	819	5.0	1370822400
1529	820	5.0	1369180800
4111	823	5.0	1312329600
134	823	4.0	1306281600
4740	824	4.0	1284595200
659	824	5.0	1279756800
3278	824	5.0	1277510400
4097	833	4.0	1250899200
318	834	4.0	1253577600
97	835	5.0	1262304000
1700	837	5.0	1222128000
458	839	4.0	1218585600
2783	843	5.0	1384905600
2154	853	5.0	1380672000
4546	854	4.0	1286582400
2418	861	5.0	1305590400
4226	862	4.0	1319414400
86	862	4.0	1302825600
4206	862	4.0	1349568000
1483	868	4.0	1300752000
3016	868	5.0	1301356800
1879	870	5.0	1381190400
4659	877	4.0	1399593600
1097	877	5.0	1399766400
3298	877	5.0	1395619200
2340	878	3.0	1365292800
1329	882	5.0	1255651200
3647	886	5.0	1341964800
635	888	4.0	1358985600
2044	891	1.0	1304380800
1864	894	4.0	1374969600
2595	913	5.0	1367193600
1204	920	5.0	1287360000
1525	920	4.0	1285545600
1073	922	5.0	1303257600
4020	925	5.0	1384560000
451	925	3.0	1384128000
4454	937	5.0	1356393600
3929	941	3.0	1378512000
3595	944	5.0	1402444800
2472	944	4.0	1329177600
218	944	5.0	1375833600
2866	946	5.0	1370995200
4198	951	5.0	1399593600
1792	951	4.0	1396224000
2632	959	5.0	1392595200
7	961	5.0	1378339200
2400	962	1.0	1294444800
2364	976	4.0	1307923200
4406	993	5.0	1363478400
4475	994	4.0	1272585600
1513	994	4.0	1271635200
3790	997	5.0	1374710400
4720	1003	5.0	1398211200
1640	1003	5.0	1400716800
984	1005	4.0	1368662400
2634	1010	5.0	1401494400
2569	1013	5.0	1279065600
4136	1013	5.0	1378339200
3428	1021	5.0	1329350400
346	1026	2.0	1297900800
3270	1031	5.0	1375056000
154	1031	5.0	1377993600
4629	1040	5.0	1400025600
2599	1043	5.0	1361923200
773	1044	3.0	1391040000
3438	1050	4.0	1255132800
2865	1057	2.0	1363996800
1654	1062	4.0	1397433600
1034	1062	5.0	1398729600
2364	1073	4.0	1255392000
313	1078	5.0	1397001600
1056	1078	4.0	1396224000
2606	1080	5.0	1392163200
3029	1083	5.0	1228780800
3150	1083	4.0	1229817600
879	1087	5.0	1363651200
1732	1089	5.0	1380412800
1285	1091	5.0	1295481600
1204	1092	4.0	1305763200
3887	1102	4.0	1394323200
32	1111	5.0	1381363200
2769	1113	5.0	1293321600
3432	1115	5.0	1373500800
2958	1128	2.0	1298505600
4533	1129	3.0	1385596800
1485	1129	5.0	1386892800
4269	1130	5.0	1303344000
1745	1132	4.0	1303948800
2756	1135	5.0	1300320000
1761	1143	1.0	1287705600
230	1143	1.0	1293235200
3022	1147	4.0	1331769600
4297	1147	4.0	1326844800
2523	1152	5.0	1268179200
2088	1152	3.0	1367798400
1490	1156	5.0	1379203200
3680	1157	4.0	1339632000
2377	1158	4.0	1297382400
4125	1169	5.0	1377820800
903	1180	5.0	1250467200
3948	1185	5.0	1248307200
494	1186	5.0	1361059200
1354	1192	5.0	1359331200
1608	1195	3.0	1395273600
251	1195	5.0	1395273600
1343	1198	5.0	1404518400
215	1198	5.0	1403136000
3229	1201	5.0	1343692800
1754	1202	5.0	1274745600
3621	1202	5.0	1275004800
1006	1202	4.0	1274918400
2626	1202	4.0	1276473600
137	1202	5.0	1274832000
912	1204	1.0	1279497600
4	1209	5.0	1285200000
134	1210	1.0	1295740800
393	1216	4.0	1246838400
3911	1216	5.0	1247356800
4398	1216	5.0	1245801600
3909	1216	5.0	1247702400
4400	1223	4.0	1269907200
4077	1223	4.0	1267660800
3649	1224	4.0	1401580800
1028	1224	4.0	1401580800
3989	1224	4.0	1403740800
240	1242	4.0	1250553600
4254	1242	4.0	1255564800
1956	1243	4.0	1250726400
4853	1243	4.0	1249430400
3680	1244	5.0	1250121600
4516	1255	5.0	1283817600
2951	1259	4.0	1251676800
36	1259	4.0	1252540800
4159	1260	5.0	1330128000
863	1261	4.0	1288828800
4393	1261	4.0	1262304000
4055	1262	3.0	1395360000
1386	1265	4.0	1261958400
1910	1274	4.0	1376438400
1042	1275	4.0	1401235200
660	1279	4.0	1281484800
775	1283	4.0	1364860800
3850	1288	5.0	1318464000
343	1291	3.0	1260921600
2091	1291	5.0	1269475200
1179	1291	4.0	1268870400
2240	1293	5.0	1267142400
1313	1293	4.0	1261008000
3414	1293	5.0	1259280000
3038	1293	5.0	1259452800
1342	1293	5.0	1261526400
1918	1293	5.0	1261440000
3508	1294	5.0	1300492800
2793	1295	5.0	1264982400
4635	1296	4.0	1263945600
2401	1296	5.0	1259798400
1206	1298	5.0	1266624000
742	1298	4.0	1263340800
2852	1299	3.0	1264550400
4297	1299	5.0	1268870400
2772	1299	4.0	1263772800
398	1307	1.0	1360281600
2976	1308	5.0	1370390400
4738	1309	5.0	1300492800
2447	1309	5.0	1304208000
1204	1312	5.0	1308096000
3270	1315	5.0	1308009600
1076	1316	5.0	1254009600
493	1316	4.0	1256083200
2523	1320	5.0	1357344000
3191	1321	5.0	1384300800
4432	1323	5.0	1254096000
518	1325	5.0	1261958400
3986	1325	5.0	1256083200
3087	1326	5.0	1253491200
3788	1327	3.0	1266451200
385	1329	4.0	1403136000
1180	1329	5.0	1398556800
2105	1331	4.0	1325116800
282	1331	5.0	1328054400
4555	1331	5.0	1328140800
3270	1332	4.0	1358121600
1206	1337	5.0	1317081600
214	1338	2.0	1386720000
2925	1341	3.0	1260921600
491	1345	5.0	1279584000
27	1345	5.0	1359244800
4186	1353	5.0	1386892800
495	1355	4.0	1271289600
3490	1358	5.0	1298592000
2555	1361	3.0	1282780800
4664	1363	5.0	1394928000
1260	1364	3.0	1269561600
3017	1373	5.0	1391817600
3594	1373	5.0	1350864000
196	1374	5.0	1343606400
1013	1380	2.0	1319155200
1595	1381	5.0	1390089600
3621	1386	5.0	1301875200
3908	1386	5.0	1302307200
4172	1388	5.0	1398902400
1589	1390	5.0	1370649600
4227	1392	5.0	1358553600
2009	1403	2.0	1308441600
2520	1407	5.0	1383004800
2886	1409	3.0	1327968000
1444	1410	5.0	1404345600
184	1410	5.0	1391731200
4520	1411	4.0	1324339200
1886	1411	5.0	1327017600
3217	1411	5.0	1324857600
2200	1411	5.0	1326844800
2496	1412	5.0	1307232000
1344	1414	4.0	1275955200
2877	1415	5.0	1322179200
843	1415	5.0	1324339200
4083	1415	5.0	1300924800
607	1416	4.0	1371513600
2578	1418	4.0	1288828800
3683	1419	5.0	1272585600
4808	1419	4.0	1275436800
1415	1419	5.0	1274227200
2035	1419	4.0	1271721600
2896	1419	5.0	1273017600
4211	1419	4.0	1271721600
975	1424	4.0	1308182400
4019	1427	5.0	1318896000
3717	1431	5.0	1298592000
4868	1432	4.0	1397088000
2936	1434	5.0	1400112000
3117	1437	2.0	1357171200
594	1441	5.0	1283558400
3661	1445	4.0	1289779200
3902	1450	3.0	1282176000
2390	1450	2.0	1313625600
311	1450	5.0	1279756800
2108	1450	3.0	1289001600
4480	1450	5.0	1275436800
2820	1450	5.0	1274918400
3030	1452	5.0	1269475200
3673	1452	5.0	1271289600
2343	1453	4.0	1283558400
2347	1454	4.0	1272326400
4084	1454	5.0	1276646400
3751	1454	4.0	1273881600
4220	1454	4.0	1274313600
292	1454	5.0	1271808000
3476	1454	5.0	1351728000
3279	1454	3.0	1272326400
1871	1454	5.0	1274659200
2727	1458	5.0	1392422400
4265	1460	4.0	1290384000
2407	1460	5.0	1286236800
1840	1461	4.0	1285459200
1701	1461	4.0	1292371200
2385	1468	3.0	1276473600
1894	1469	3.0	1369872000
3822	1475	5.0	1287964800
72	1475	5.0	1292976000
4237	1476	3.0	1345248000
4453	1478	5.0	1288828800
1823	1480	3.0	1314576000
1753	1481	3.0	1274832000
3230	1481	3.0	1282780800
2481	1481	3.0	1275523200
3305	1481	3.0	1284595200
183	1481	5.0	1283299200
3235	1482	5.0	1290470400
64	1486	4.0	1316390400
401	1493	5.0	1377648000
3219	1496	3.0	1275350400
4052	1496	4.0	1274659200
4635	1496	4.0	1274918400
2250	1497	3.0	1334275200
2611	1498	5.0	1402185600
2271	1499	5.0	1395273600
940	1501	5.0	1393372800
1519	1505	5.0	1279756800
716	1506	2.0	1297814400
2975	1511	4.0	1401926400
4513	1512	4.0	1384732800
1920	1512	5.0	1340841600
2569	1517	5.0	1279065600
4613	1517	5.0	1279152000
2554	1517	5.0	1279065600
3887	1521	4.0	1405296000
2263	1522	5.0	1401062400
1710	1523	4.0	1401667200
4221	1523	5.0	1398038400
3707	1524	5.0	1403913600
2392	1524	2.0	1403136000
3074	1526	5.0	1404691200
838	1526	5.0	1403913600
2384	1528	4.0	1401062400
3896	1528	5.0	1403049600
2474	1528	4.0	1398124800
2660	1529	5.0	1400544000
2463	1530	4.0	1398297600
1839	1534	5.0	1364688000
1146	1538	5.0	1402185600
739	1539	4.0	1293580800
1232	1540	5.0	1386288000
4762	1540	5.0	1348012800
4842	1543	4.0	1300320000
1092	1546	5.0	1285113600
254	1556	5.0	1300320000
2381	1559	5.0	1379289600
3503	1563	4.0	1288224000
292	1563	4.0	1285632000
884	1563	4.0	1290038400
4102	1568	4.0	1290038400
1885	1569	5.0	1388448000
4710	1571	4.0	1368576000
4509	1571	5.0	1361664000
2020	1572	3.0	1329350400
3153	1579	4.0	1299369600
2594	1579	4.0	1298937600
3449	1591	5.0	1386547200
1332	1593	5.0	1397606400
2692	1594	5.0	1330473600
3281	1596	4.0	1319414400
3180	1598	5.0	1303257600
2118	1601	5.0	1383004800
3654	1604	5.0	1395792000
3535	1608	5.0	1375920000
1587	1622	5.0	1291507200
281	1625	4.0	1296691200
91	1625	3.0	1306368000
3637	1626	4.0	1299196800
41	1626	5.0	1349827200
2082	1626	4.0	1299369600
2601	1626	4.0	1352419200
3809	1626	5.0	1352937600
1677	1628	1.0	1294876800
2233	1628	5.0	1357430400
806	1628	4.0	1386806400
3613	1632	5.0	1319068800
3790	1632	5.0	1370304000
4487	1633	4.0	1288828800
1803	1635	4.0	1335744000
2307	1635	5.0	1366329600
1494	1637	5.0	1354060800
2296	1648	4.0	1402012800
2845	1652	4.0	1304899200
4673	1653	4.0	1304467200
1625	1656	5.0	1403740800
3777	1658	4.0	1388361600
3389	1666	5.0	1300838400
4435	1667	5.0	1311206400
1449	1667	5.0	1314316800
173	1670	4.0	1321660800
1658	1670	4.0	1321142400
4529	1671	5.0	1334793600
4115	1675	5.0	1306454400
434	1679	3.0	1319068800
938	1679	3.0	1316649600
1022	1682	5.0	1400284800
1680	1684	5.0	1296086400
3449	1685	5.0	1386547200
4453	1697	3.0	1304640000
638	1699	3.0	1321142400
1968	1699	5.0	1297555200
1383	1705	5.0	1304294400
2596	1708	5.0	1346803200
3643	1710	4.0	1403827200
4187	1710	4.0	1400198400
2515	1710	4.0	1403913600
3613	1712	4.0	1399852800
3897	1713	3.0	1399334400
3859	1713	5.0	1397692800
4437	1717	5.0	1332547200
777	1719	5.0	1311811200
3129	1720	4.0	1329955200
1218	1720	5.0	1319673600
1180	1733	5.0	1360800000
4268	1735	3.0	1390262400
1004	1737	5.0	1392768000
2614	1737	3.0	1399075200
2124	1738	4.0	1387584000
2612	1742	5.0	1318118400
79	1746	4.0	1356825600
1998	1749	5.0	1358467200
1123	1749	5.0	1368489600
955	1750	5.0	1329609600
2264	1762	5.0	1321488000
1710	1762	5.0	1319068800
2138	1762	5.0	1313971200
4445	1763	5.0	1342656000
2749	1763	5.0	1311897600
4611	1768	4.0	1343692800
1005	1774	5.0	1404518400
2584	1777	4.0	1389225600
806	1777	2.0	1402272000
4791	1778	5.0	1369785600
420	1782	5.0	1316390400
2364	1786	5.0	1355097600
1327	1790	3.0	1388707200
1527	1792	5.0	1326931200
1336	1792	3.0	1325116800
39	1792	4.0	1397952000
361	1795	5.0	1312848000
689	1797	5.0	1312761600
4432	1798	5.0	1313971200
4675	1800	5.0	1312243200
2799	1801	4.0	1358640000
2387	1801	2.0	1322352000
2823	1802	4.0	1308355200
1645	1802	5.0	1306454400
2936	1802	4.0	1308096000
1617	1802	5.0	1306454400
1947	1803	4.0	1306368000
2104	1803	4.0	1309392000
3363	1803	4.0	1306281600
4187	1803	5.0	1306195200
4044	1804	5.0	1308873600
2082	1805	5.0	1316908800
3491	1806	4.0	1372723200
4123	1812	5.0	1357516800
2095	1812	5.0	1317686400
4588	1813	3.0	1378771200
1359	1816	5.0	1341273600
1075	1819	5.0	1377993600
4846	1819	4.0	1381795200
127	1819	4.0	1388275200
306	1820	5.0	1387497600
1313	1821	5.0	1316044800
1148	1821	4.0	1319068800
4425	1821	5.0	1316649600
2010	1822	5.0	1312329600
2291	1824	5.0	1393200000
179	1826	5.0	1393200000
2010	1827	5.0	1326931200
2261	1829	5.0	1315958400
3705	1829	5.0	1309737600
1316	1834	5.0	1367971200
1623	1835	5.0	1386115200
2370	1845	5.0	1371945600
3410	1845	5.0	1391644800
4546	1848	4.0	1389225600
359	1848	4.0	1391904000
3374	1848	5.0	1388880000
2749	1852	4.0	1330646400
1400	1853	4.0	1376006400
1514	1859	5.0	1325116800
589	1868	5.0	1321401600
3196	1871	5.0	1328745600
2181	1871	5.0	1326931200
772	1871	5.0	1332288000
1271	1873	5.0	1320537600
4517	1873	5.0	1321488000
511	1873	5.0	1322265600
1687	1873	5.0	1339545600
1902	1875	5.0	1316995200
42	1877	5.0	1319760000
2641	1877	5.0	1319673600
3664	1878	2.0	1316649600
164	1878	5.0	1328313600
1497	1884	3.0	1321488000
452	1885	5.0	1348099200
2312	1889	5.0	1346112000
1028	1889	5.0	1326844800
3379	1890	5.0	1323129600
147	1894	5.0	1318377600
4161	1894	5.0	1389571200
3216	1894	5.0	1340236800
2082	1895	5.0	1369353600
3833	1896	4.0	1337817600
621	1898	5.0	1320883200
601	1898	2.0	1352937600
2356	1899	5.0	1357344000
211	1903	5.0	1373760000
3882	1904	4.0	1363737600
2918	1906	4.0	1343174400
1214	1907	4.0	1341532800
4681	1912	5.0	1340496000
1118	1918	5.0	1367625600
1258	1918	5.0	1399507200
3404	1923	5.0	1376179200
3137	1924	4.0	1329523200
2805	1925	4.0	1328140800
4356	1925	3.0	1328572800
1756	1928	3.0	1347494400
3941	1936	2.0	1335398400
939	1936	4.0	1343174400
210	1945	5.0	1374019200
652	1950	5.0	1325721600
3579	1951	5.0	1341100800
2340	1952	1.0	1402272000
3711	1958	2.0	1386720000
2881	1960	4.0	1354060800
3741	1963	5.0	1327536000
2581	1965	5.0	1332720000
2960	1967	4.0	1351728000
2919	1970	5.0	1389139200
1721	1975	5.0	1392854400
289	1978	3.0	1391472000
4069	1978	4.0	1404604800
1712	1978	5.0	1385424000
1467	1981	4.0	1345680000
3495	1982	5.0	1366070400
2878	1984	5.0	1334793600
1256	1984	5.0	1340064000
2267	1985	4.0	1336435200
4433	2007	4.0	1404345600
4611	2010	4.0	1337904000
1758	2016	5.0	1366675200
2715	2024	5.0	1346889600
1865	2024	5.0	1347840000
3093	2024	4.0	1346112000
1102	2028	4.0	1377216000
857	2033	5.0	1337731200
2336	2036	5.0	1404691200
2925	2038	5.0	1350518400
3784	2039	4.0	1351641600
4338	2039	4.0	1349222400
4296	2039	3.0	1353628800
1430	2039	1.0	1349740800
944	2039	4.0	1355184000
4432	2040	4.0	1353369600
67	2042	4.0	1369353600
152	2043	4.0	1353369600
1134	2043	3.0	1358899200
2306	2043	3.0	1351123200
1501	2043	1.0	1361404800
1240	2046	3.0	1368230400
4213	2055	4.0	1392336000
1937	2056	5.0	1401494400
2969	2059	4.0	1349568000
814	2062	3.0	1344729600
1188	2062	4.0	1345420800
1092	2062	5.0	1348704000
875	2062	3.0	1350518400
1700	2065	3.0	1389830400
3707	2067	5.0	1346112000
4260	2072	4.0	1350691200
3576	2076	5.0	1360627200
3652	2076	5.0	1360195200
3065	2076	5.0	1366243200
2956	2076	4.0	1361404800
4220	2076	4.0	1359072000
3087	2076	5.0	1368057600
891	2076	4.0	1363478400
701	2079	5.0	1353628800
1752	2079	5.0	1360022400
3448	2079	4.0	1353715200
626	2080	5.0	1404604800
1876	2083	4.0	1381363200
800	2089	5.0	1368489600
509	2089	5.0	1368576000
2031	2090	3.0	1353974400
1578	2092	4.0	1362268800
2460	2095	4.0	1351123200
2743	2095	5.0	1352246400
944	2096	5.0	1361923200
3030	2096	5.0	1359504000
2907	2097	4.0	1351900800
1826	2097	5.0	1365120000
3707	2098	5.0	1351209600
384	2098	5.0	1361404800
3296	2099	5.0	1366416000
4302	2099	4.0	1357084800
3079	2099	5.0	1362441600
1918	2100	5.0	1363305600
1287	2104	5.0	1384992000
3357	2105	5.0	1394409600
1044	2108	5.0	1376352000
1044	2109	5.0	1376352000
286	2116	5.0	1397779200
3568	2116	4.0	1367625600
1210	2116	5.0	1364428800
3490	2117	5.0	1368403200
4658	2119	4.0	1363824000
2352	2121	4.0	1354233600
2412	2123	4.0	1356480000
1710	2126	4.0	1368316800
2963	2127	3.0	1356566400
3531	2129	5.0	1358985600
1958	2130	5.0	1365552000
3267	2139	4.0	1392768000
1487	2141	5.0	1390780800
3358	2143	2.0	1368835200
4194	2144	5.0	1369267200
603	2145	4.0	1374105600
624	2145	5.0	1367539200
2979	2146	4.0	1363824000
479	2151	2.0	1364256000
814	2154	5.0	1379376000
3980	2154	4.0	1379376000
957	2154	4.0	1380153600
238	2154	5.0	1378512000
1202	2155	4.0	1401494400
412	2157	5.0	1362355200
1514	2158	5.0	1398038400
1501	2160	5.0	1368489600
3728	2163	5.0	1396483200
341	2164	5.0	1366329600
4681	2165	3.0	1369094400
3374	2169	5.0	1403049600
2377	2169	4.0	1400889600
658	2170	3.0	1405209600
4071	2170	4.0	1403827200
2144	2170	2.0	1399161600
1418	2171	4.0	1372982400
2358	2172	5.0	1368057600
913	2172	5.0	1368316800
4513	2174	4.0	1370131200
829	2174	4.0	1371686400
2692	2174	5.0	1367625600
3378	2177	5.0	1388534400
1711	2183	4.0	1385424000
2648	2185	5.0	1366675200
3705	2185	5.0	1368921600
430	2185	3.0	1368489600
3790	2185	4.0	1366675200
3857	2187	5.0	1367107200
2538	2187	4.0	1367884800
2890	2187	4.0	1370131200
1663	2188	5.0	1369180800
2996	2189	5.0	1371686400
3101	2190	5.0	1394409600
2469	2190	5.0	1402272000
3512	2194	4.0	1386115200
2179	2195	4.0	1373068800
455	2196	4.0	1393459200
4387	2196	3.0	1390521600
3105	2196	4.0	1393459200
1043	2197	4.0	1403136000
4530	2200	4.0	1390348800
2466	2202	5.0	1400198400
2496	2205	5.0	1369785600
2447	2208	5.0	1382572800
1463	2209	3.0	1380067200
3968	2210	5.0	1375833600
3192	2216	4.0	1393804800
2975	2216	4.0	1375660800
142	2216	3.0	1373760000
734	2220	5.0	1394582400
3352	2220	5.0	1390608000
1206	2221	5.0	1380499200
1852	2221	4.0	1382054400
2262	2225	4.0	1401753600
127	2226	4.0	1405036800
2749	2226	5.0	1403740800
3674	2230	5.0	1392249600
1745	2232	4.0	1393804800
627	2232	2.0	1396483200
2956	2232	5.0	1384214400
777	2233	4.0	1372118400
354	2233	4.0	1372032000
2097	2233	5.0	1373155200
2601	2233	4.0	1371859200
88	2235	3.0	1404604800
4071	2246	4.0	1403740800
2236	2246	5.0	1404259200
4656	2250	5.0	1391731200
409	2252	5.0	1396569600
4556	2252	4.0	1386460800
307	2253	4.0	1396569600
1577	2253	5.0	1400112000
452	2254	4.0	1400025600
1936	2255	4.0	1404691200
4124	2257	5.0	1401494400
699	2257	2.0	1396224000
884	2257	5.0	1401321600
1425	2257	2.0	1400112000
4557	2262	5.0	1399334400
3917	2263	4.0	1378339200
3349	2266	5.0	1380585600
1596	2266	5.0	1397952000
2503	2267	3.0	1390435200
3384	2269	3.0	1380153600
2591	2269	4.0	1380326400
3083	2271	3.0	1380499200
1385	2278	5.0	1383523200
3707	2278	5.0	1382745600
1014	2280	1.0	1397692800
341	2281	5.0	1382832000
52	2284	3.0	1384473600
4809	2289	5.0	1389830400
1024	2290	5.0	1385510400
4109	2294	1.0	1393545600
2499	2294	2.0	1397260800
384	2295	5.0	1388620800
3902	2298	4.0	1395187200
422	2302	4.0	1405641600
3341	2305	5.0	1387411200
2506	2308	3.0	1395878400
2764	2309	5.0	1394928000
2874	2311	2.0	1390435200
1686	2312	5.0	1391299200
2308	2312	4.0	1390348800
348	2315	4.0	1393977600
183	2316	5.0	1395446400
2542	2318	4.0	1404172800
2902	2320	5.0	1405641600
2715	2322	5.0	1404432000
3736	2324	4.0	1394409600
4084	2324	5.0	1396742400
625	2325	5.0	1395273600
4268	2325	3.0	1392681600
1406	2325	5.0	1391904000
3736	2327	4.0	1390435200
2715	2329	3.0	1397001600
78	2330	5.0	1397692800
593	2333	5.0	1394755200
424	2333	5.0	1394064000
3126	2337	4.0	1389830400
2811	2341	4.0	1389312000
4079	2343	4.0	1388448000
2230	2344	3.0	1387843200
1918	2344	3.0	1387324800
3303	2347	4.0	1386115200
1447	2348	5.0	1398124800
1671	2348	5.0	1398297600
1674	2350	4.0	1392681600
4387	2354	5.0	1399161600
1256	2357	5.0	1399075200
3430	2361	5.0	1399766400
274	2363	3.0	1403481600
1392	2370	5.0	1395705600
1172	2377	4.0	1405728000
1214	2382	5.0	1405814400
2880	2382	5.0	1405900800
1025	2387	5.0	1403568000
1131	2388	5.0	1402963200
2610	2393	4.0	1404604800
1311	2394	5.0	1405468800
1404	2395	5.0	1403913600
1824	2401	3.0	1403913600
199	2412	5.0	1405814400
3707	2413	5.0	1403827200
4462	2414	5.0	1405900800
4563	2414	5.0	1404345600
1924	2415	5.0	1403568000
4215	2418	5.0	1404604800
2478	2419	5.0	1405296000
